# JRE version: OpenJDK Runtime Environment Temurin-17.0.5+8 (17.0.5+8) (build 17.0.5+8)
# Java VM: OpenJDK 64-Bit Server VM Temurin-17.0.5+8 (17.0.5+8, mixed mode, sharing, tiered, compressed oops, compressed class ptrs, g1 gc, windows-amd64)
GC Precious Log:
 CPUs: 12 total, 12 available
 Memory: 16217M
 Large Page Support: Disabled
 NUMA Support: Disabled
 Compressed Oops: Enabled (Zero based)
 Heap Region Size: 2M
 Heap Min Capacity: 8M
 Heap Initial Capacity: 254M
 Heap Max Capacity: 4056M
 Pre-touch: Disabled
 Parallel Workers: 10
 Concurrent Workers: 3
 Concurrent Refinement Workers: 10
 Periodic GC: Disabled
Heap:
 garbage-first heap   total 401408K, used 276153K [0x0000000702800000, 0x0000000800000000)
  region size 2048K, 62 young (126976K), 4 survivors (8192K)
 Metaspace       used 65432K, committed 66560K, reserved 1105920K
  class space    used 9937K, committed 10432K, reserved 1048576K
GC Heap History (20 events):
Event: 2.843 GC heap before
{Heap before GC invocations=8 (full 0):
 garbage-first heap   total 204800K, used 72024K [0x0000000702800000, 0x0000000800000000)
  region size 2048K, 7 young (14336K), 6 survivors (12288K)
 Metaspace       used 25625K, committed 26304K, reserved 1073152K
  class space    used 3167K, committed 3456K, reserved 1048576K
}
Event: 2.847 GC heap after
{Heap after GC invocations=9 (full 0):
 garbage-first heap   total 204800K, used 71108K [0x0000000702800000, 0x0000000800000000)
  region size 2048K, 1 young (2048K), 1 survivors (2048K)
 Metaspace       used 25625K, committed 26304K, reserved 1073152K
  class space    used 3167K, committed 3456K, reserved 1048576K
}
Event: 2.962 GC heap before
{Heap before GC invocations=9 (full 0):
 garbage-first heap   total 204800K, used 155076K [0x0000000702800000, 0x0000000800000000)
  region size 2048K, 42 young (86016K), 1 survivors (2048K)
 Metaspace       used 26813K, committed 27584K, reserved 1073152K
  class space    used 3325K, committed 3648K, reserved 1048576K
}
Event: 2.964 GC heap after
{Heap after GC invocations=10 (full 0):
 garbage-first heap   total 409600K, used 70909K [0x0000000702800000, 0x0000000800000000)
  region size 2048K, 1 young (2048K), 1 survivors (2048K)
 Metaspace       used 26813K, committed 27584K, reserved 1073152K
  class space    used 3325K, committed 3648K, reserved 1048576K
}
Event: 3.182 GC heap before
{Heap before GC invocations=10 (full 0):
 garbage-first heap   total 409600K, used 314621K [0x0000000702800000, 0x0000000800000000)
  region size 2048K, 120 young (245760K), 1 survivors (2048K)
 Metaspace       used 27195K, committed 27968K, reserved 1073152K
  class space    used 3375K, committed 3712K, reserved 1048576K
}
Event: 3.183 GC heap after
{Heap after GC invocations=11 (full 0):
 garbage-first heap   total 409600K, used 72350K [0x0000000702800000, 0x0000000800000000)
  region size 2048K, 2 young (4096K), 2 survivors (4096K)
 Metaspace       used 27195K, committed 27968K, reserved 1073152K
  class space    used 3375K, committed 3712K, reserved 1048576K
}
Event: 3.528 GC heap before
{Heap before GC invocations=11 (full 0):
 garbage-first heap   total 409600K, used 326302K [0x0000000702800000, 0x0000000800000000)
  region size 2048K, 120 young (245760K), 2 survivors (4096K)
 Metaspace       used 31090K, committed 31936K, reserved 1081344K
  class space    used 3913K, committed 4288K, reserved 1048576K
}
Event: 3.531 GC heap after
{Heap after GC invocations=12 (full 0):
 garbage-first heap   total 409600K, used 89053K [0x0000000702800000, 0x0000000800000000)
  region size 2048K, 4 young (8192K), 4 survivors (8192K)
 Metaspace       used 31090K, committed 31936K, reserved 1081344K
  class space    used 3913K, committed 4288K, reserved 1048576K
}
Event: 4.540 GC heap before
{Heap before GC invocations=12 (full 0):
 garbage-first heap   total 409600K, used 220125K [0x0000000702800000, 0x0000000800000000)
  region size 2048K, 69 young (141312K), 4 survivors (8192K)
 Metaspace       used 35220K, committed 36096K, reserved 1081344K
  class space    used 4395K, committed 4800K, reserved 1048576K
}
Event: 4.543 GC heap after
{Heap after GC invocations=13 (full 0):
 garbage-first heap   total 409600K, used 91588K [0x0000000702800000, 0x0000000800000000)
  region size 2048K, 5 young (10240K), 5 survivors (10240K)
 Metaspace       used 35220K, committed 36096K, reserved 1081344K
  class space    used 4395K, committed 4800K, reserved 1048576K
}
Event: 5.228 GC heap before
{Heap before GC invocations=14 (full 0):
 garbage-first heap   total 321536K, used 273860K [0x0000000702800000, 0x0000000800000000)
  region size 2048K, 94 young (192512K), 5 survivors (10240K)
 Metaspace       used 41413K, committed 42368K, reserved 1089536K
  class space    used 5502K, committed 5952K, reserved 1048576K
}
Event: 5.238 GC heap after
{Heap after GC invocations=15 (full 0):
 garbage-first heap   total 321536K, used 104939K [0x0000000702800000, 0x0000000800000000)
  region size 2048K, 12 young (24576K), 12 survivors (24576K)
 Metaspace       used 41413K, committed 42368K, reserved 1089536K
  class space    used 5502K, committed 5952K, reserved 1048576K
}
Event: 5.493 GC heap before
{Heap before GC invocations=15 (full 0):
 garbage-first heap   total 321536K, used 258539K [0x0000000702800000, 0x0000000800000000)
  region size 2048K, 87 young (178176K), 12 survivors (24576K)
 Metaspace       used 41918K, committed 42880K, reserved 1089536K
  class space    used 5585K, committed 6016K, reserved 1048576K
}
Event: 5.509 GC heap after
{Heap after GC invocations=16 (full 0):
 garbage-first heap   total 321536K, used 121406K [0x0000000702800000, 0x0000000800000000)
  region size 2048K, 9 young (18432K), 9 survivors (18432K)
 Metaspace       used 41918K, committed 42880K, reserved 1089536K
  class space    used 5585K, committed 6016K, reserved 1048576K
}
Event: 5.870 GC heap before
{Heap before GC invocations=16 (full 0):
 garbage-first heap   total 321536K, used 252478K [0x0000000702800000, 0x0000000800000000)
  region size 2048K, 74 young (151552K), 9 survivors (18432K)
 Metaspace       used 46375K, committed 47360K, reserved 1097728K
  class space    used 6280K, committed 6720K, reserved 1048576K
}
Event: 5.879 GC heap after
{Heap after GC invocations=17 (full 0):
 garbage-first heap   total 321536K, used 135520K [0x0000000702800000, 0x0000000800000000)
  region size 2048K, 8 young (16384K), 8 survivors (16384K)
 Metaspace       used 46375K, committed 47360K, reserved 1097728K
  class space    used 6280K, committed 6720K, reserved 1048576K
}
Event: 6.454 GC heap before
{Heap before GC invocations=17 (full 0):
 garbage-first heap   total 321536K, used 254304K [0x0000000702800000, 0x0000000800000000)
  region size 2048K, 66 young (135168K), 8 survivors (16384K)
 Metaspace       used 53876K, committed 54912K, reserved 1097728K
  class space    used 7931K, committed 8384K, reserved 1048576K
}
Event: 6.464 GC heap after
{Heap after GC invocations=18 (full 0):
 garbage-first heap   total 401408K, used 150980K [0x0000000702800000, 0x0000000800000000)
  region size 2048K, 9 young (18432K), 9 survivors (18432K)
 Metaspace       used 53876K, committed 54912K, reserved 1097728K
  class space    used 7931K, committed 8384K, reserved 1048576K
}
Event: 7.024 GC heap before
{Heap before GC invocations=18 (full 0):
 garbage-first heap   total 401408K, used 265668K [0x0000000702800000, 0x0000000800000000)
  region size 2048K, 66 young (135168K), 9 survivors (18432K)
 Metaspace       used 59271K, committed 60416K, reserved 1105920K
  class space    used 8948K, committed 9408K, reserved 1048576K
}
Event: 7.031 GC heap after
{Heap after GC invocations=19 (full 0):
 garbage-first heap   total 401408K, used 159417K [0x0000000702800000, 0x0000000800000000)
  region size 2048K, 4 young (8192K), 4 survivors (8192K)
 Metaspace       used 59271K, committed 60416K, reserved 1105920K
  class space    used 8948K, committed 9408K, reserved 1048576K
}

